method
AP50@Novel,Base,All

MarvelOVD
38.598, 56.739, 51.995

MarvelOVD(roi_nms=0.3)
38.436, 55.980, 51.391

MarvelOVD(roi_nms=0.7)
35.889, 53.501, 48.895



MarvelOVD_update_logits(beta=0.05, sigma=0)
38.710, 56.780, 52.054

MarvelOVD_update_logits(beta=0.1, sigma=0)
38.740, 56.800, 52.077

MarvelOVD_update_logits(beta=0.5, sigma=0)
38.602, 56.749, 52.003

MarvelOVD_update_logits(beta=1.0, sigma=0)
38.282, 56.348, 51.623



MarvelOVD_update_logits(beta=0.1, sigma=0.005)
38.713, 56.783, 52.057

MarvelOVD_update_logits(beta=0.1, sigma=0.05)
38.613, 56.755, 52.010

MarvelOVD_update_logits(beta=0.1, sigma=0.2)
38.595, 56.748, 52.000

MarvelOVD_update_logits(beta=0.1, sigma=0.5)
38.594, 56.742, 51.996

MarvelOVD_update_logits(beta=0.1, sigma=0.8)
38.588, 56.741, 51.994



MarvelOVD_update_logits(soft_nms)(beta=0.1, sigma=0)
38.726, 56.809, 52.080

MarvelOVD_update_logits(soft_nms)(beta=0.5, sigma=0)
38.894, 56.854, 52.157

MarvelOVD_update_logits(soft_nms)(beta=1.0, sigma=0)
38.877, 56.724, 52.057